TN:
SF:src/lib/genDiffFunc.js
FN:5,genDiffFunc
FNF:1
FNH:1
FNDA:1,genDiffFunc
DA:1,1
DA:2,1
DA:3,1
DA:4,1
DA:5,1
DA:6,1
DA:7,1
DA:8,1
DA:9,1
DA:10,1
DA:11,1
DA:12,1
DA:13,1
DA:14,1
DA:15,1
DA:16,1
DA:17,1
DA:18,5
DA:19,2
DA:20,2
DA:21,5
DA:22,1
DA:23,1
DA:24,5
DA:25,1
DA:26,1
DA:27,1
DA:28,1
DA:29,1
DA:30,1
DA:31,1
DA:32,1
DA:33,5
DA:34,2
DA:35,2
DA:36,5
DA:37,1
DA:38,1
DA:39,5
DA:40,1
DA:41,1
DA:42,1
DA:43,1
DA:44,1
DA:45,0
DA:46,1
DA:47,1
DA:48,1
DA:49,1
DA:50,1
DA:51,1
DA:52,1
LF:52
LH:51
BRDA:5,0,0,1
BRDA:17,1,0,5
BRDA:18,2,0,2
BRDA:20,3,0,3
BRDA:21,4,0,1
BRDA:23,5,0,2
BRDA:24,6,0,2
BRDA:24,7,0,1
BRDA:32,8,0,5
BRDA:33,9,0,2
BRDA:35,10,0,3
BRDA:36,11,0,1
BRDA:38,12,0,2
BRDA:39,13,0,1
BRDA:44,14,0,0
BRF:15
BRH:14
end_of_record
